2019-03-19 08:48:36.477 [main] INFO, o.s.b.t.c.SpringBootTestContextBootstrapper: Neither @ContextConfiguration nor @ContextHierarchy found for test class [com.goldcard.usmart.SpringBootBigTableTest], using SpringBootContextLoader
2019-03-19 08:48:36.495 [main] INFO, o.s.t.c.s.AbstractContextLoader: Could not detect default resource locations for test class [com.goldcard.usmart.SpringBootBigTableTest]: no resource found for suffixes {-context.xml, Context.groovy}.
2019-03-19 08:48:36.497 [main] INFO, o.s.t.c.s.AnnotationConfigContextLoaderUtils: Could not detect default configuration classes for test class [com.goldcard.usmart.SpringBootBigTableTest]: SpringBootBigTableTest does not declare any static, non-private, non-final, nested classes annotated with @Configuration.
2019-03-19 08:48:36.729 [main] INFO, o.s.b.t.c.SpringBootTestContextBootstrapper: Found @SpringBootConfiguration com.goldcard.usmart.SpringBootBigTableServer for test class com.goldcard.usmart.SpringBootBigTableTest
2019-03-19 08:48:36.882 [main] INFO, o.s.b.t.c.SpringBootTestContextBootstrapper: Loaded default TestExecutionListener class names from location [META-INF/spring.factories]: [org.springframework.boot.test.mock.mockito.MockitoTestExecutionListener, org.springframework.boot.test.mock.mockito.ResetMocksTestExecutionListener, org.springframework.boot.test.autoconfigure.restdocs.RestDocsTestExecutionListener, org.springframework.boot.test.autoconfigure.web.client.MockRestServiceServerResetTestExecutionListener, org.springframework.boot.test.autoconfigure.web.servlet.MockMvcPrintOnlyOnFailureTestExecutionListener, org.springframework.boot.test.autoconfigure.web.servlet.WebDriverTestExecutionListener, org.springframework.test.context.web.ServletTestExecutionListener, org.springframework.test.context.support.DirtiesContextBeforeModesTestExecutionListener, org.springframework.test.context.support.DependencyInjectionTestExecutionListener, org.springframework.test.context.support.DirtiesContextTestExecutionListener, org.springframework.test.context.transaction.TransactionalTestExecutionListener, org.springframework.test.context.jdbc.SqlScriptsTestExecutionListener]
2019-03-19 08:48:36.902 [main] INFO, o.s.b.t.c.SpringBootTestContextBootstrapper: Using TestExecutionListeners: [org.springframework.test.context.web.ServletTestExecutionListener@1af2d44a, org.springframework.test.context.support.DirtiesContextBeforeModesTestExecutionListener@18d87d80, org.springframework.boot.test.mock.mockito.MockitoTestExecutionListener@618425b5, org.springframework.boot.test.autoconfigure.SpringBootDependencyInjectionTestExecutionListener@58695725, org.springframework.test.context.support.DirtiesContextTestExecutionListener@543588e6, org.springframework.test.context.transaction.TransactionalTestExecutionListener@f5acb9d, org.springframework.test.context.jdbc.SqlScriptsTestExecutionListener@4fb3ee4e, org.springframework.boot.test.mock.mockito.ResetMocksTestExecutionListener@5d7148e2, org.springframework.boot.test.autoconfigure.restdocs.RestDocsTestExecutionListener@25fb8912, org.springframework.boot.test.autoconfigure.web.client.MockRestServiceServerResetTestExecutionListener@7c24b813, org.springframework.boot.test.autoconfigure.web.servlet.MockMvcPrintOnlyOnFailureTestExecutionListener@2c35e847, org.springframework.boot.test.autoconfigure.web.servlet.WebDriverTestExecutionListener@7bd4937b]
2019-03-19 08:48:37.444 [main] INFO, c.g.usmart.SpringBootBigTableTest: Starting SpringBootBigTableTest on JKHZLT0219-2016 with PID 4184 (started by 1990 in D:\cloudworkspace\usmart-bigtable-report)
2019-03-19 08:48:37.444 [main] INFO, c.g.usmart.SpringBootBigTableTest: No active profile set, falling back to default profiles: default
2019-03-19 08:48:39.366 [main] INFO, o.s.d.r.c.RepositoryConfigurationDelegate: Multiple Spring Data modules found, entering strict repository configuration mode!
2019-03-19 08:48:39.370 [main] INFO, o.s.d.r.c.RepositoryConfigurationDelegate: Bootstrapping Spring Data repositories in DEFAULT mode.
2019-03-19 08:48:39.462 [main] INFO, o.s.d.r.c.RepositoryConfigurationDelegate: Finished Spring Data repository scanning in 67ms. Found 0 repository interfaces.
2019-03-19 08:48:40.075 [main] INFO, o.s.c.s.PostProcessorRegistrationDelegate$BeanPostProcessorChecker: Bean 'appDataSourceConfig' of type [com.goldcard.usmart.datasource.AppDataSourceConfig$$EnhancerBySpringCGLIB$$df27095] is not eligible for getting processed by all BeanPostProcessors (for example: not eligible for auto-proxying)
2019-03-19 08:48:40.209 [main] INFO, r.yandex.clickhouse.ClickHouseDriver: Driver registered
2019-03-19 08:48:40.288 [main] INFO, o.s.c.s.PostProcessorRegistrationDelegate$BeanPostProcessorChecker: Bean 'mysqlDataSource' of type [com.zaxxer.hikari.HikariDataSource] is not eligible for getting processed by all BeanPostProcessors (for example: not eligible for auto-proxying)
2019-03-19 08:48:40.804 [main] INFO, o.s.c.s.PostProcessorRegistrationDelegate$BeanPostProcessorChecker: Bean 'mysqlSqlSessionFactory' of type [org.apache.ibatis.session.defaults.DefaultSqlSessionFactory] is not eligible for getting processed by all BeanPostProcessors (for example: not eligible for auto-proxying)
2019-03-19 08:48:40.812 [main] INFO, o.s.c.s.PostProcessorRegistrationDelegate$BeanPostProcessorChecker: Bean 'reportExportTaskMapper' of type [org.mybatis.spring.mapper.MapperFactoryBean] is not eligible for getting processed by all BeanPostProcessors (for example: not eligible for auto-proxying)
2019-03-19 08:48:40.815 [main] INFO, o.s.c.s.PostProcessorRegistrationDelegate$BeanPostProcessorChecker: Bean 'reportExportTaskMapper' of type [com.sun.proxy.$Proxy71] is not eligible for getting processed by all BeanPostProcessors (for example: not eligible for auto-proxying)
2019-03-19 08:48:40.816 [main] INFO, o.s.c.s.PostProcessorRegistrationDelegate$BeanPostProcessorChecker: Bean 'asyncConfiguration' of type [com.goldcard.usmart.AsyncConfiguration$$EnhancerBySpringCGLIB$$6fe14d70] is not eligible for getting processed by all BeanPostProcessors (for example: not eligible for auto-proxying)
2019-03-19 08:48:40.953 [main] INFO, o.s.c.s.PostProcessorRegistrationDelegate$BeanPostProcessorChecker: Bean 'org.springframework.transaction.annotation.ProxyTransactionManagementConfiguration' of type [org.springframework.transaction.annotation.ProxyTransactionManagementConfiguration$$EnhancerBySpringCGLIB$$30dc68] is not eligible for getting processed by all BeanPostProcessors (for example: not eligible for auto-proxying)
2019-03-19 08:48:43.512 [main] INFO, o.s.s.c.ThreadPoolTaskExecutor: Initializing ExecutorService 'threadPoolTaskExecutor'
2019-03-19 08:48:45.106 [main] INFO, c.g.usmart.SpringBootBigTableTest: Started SpringBootBigTableTest in 8.153 seconds (JVM running for 9.4)
2019-03-19 08:48:45.467 [main] INFO, com.zaxxer.hikari.HikariDataSource: HikariPool-1 - Starting...
2019-03-19 08:48:45.496 [main] INFO, r.yandex.clickhouse.ClickHouseDriver: Creating connection
2019-03-19 08:48:45.847 [main] INFO, com.zaxxer.hikari.HikariDataSource: HikariPool-1 - Start completed.
2019-03-19 08:48:45.948 [HikariPool-1 connection adder] INFO, r.yandex.clickhouse.ClickHouseDriver: Creating connection
2019-03-19 08:48:45.978 [HikariPool-1 connection adder] INFO, r.yandex.clickhouse.ClickHouseDriver: Creating connection
2019-03-19 08:48:46.000 [HikariPool-1 connection adder] INFO, r.yandex.clickhouse.ClickHouseDriver: Creating connection
2019-03-19 08:48:46.018 [HikariPool-1 connection adder] INFO, r.yandex.clickhouse.ClickHouseDriver: Creating connection
2019-03-19 08:48:46.030 [HikariPool-1 connection adder] INFO, r.yandex.clickhouse.ClickHouseDriver: Creating connection
2019-03-19 08:48:46.048 [HikariPool-1 connection adder] INFO, r.yandex.clickhouse.ClickHouseDriver: Creating connection
2019-03-19 08:48:46.065 [HikariPool-1 connection adder] INFO, r.yandex.clickhouse.ClickHouseDriver: Creating connection
2019-03-19 08:48:46.081 [HikariPool-1 connection adder] INFO, r.yandex.clickhouse.ClickHouseDriver: Creating connection
2019-03-19 08:48:46.103 [HikariPool-1 connection adder] INFO, r.yandex.clickhouse.ClickHouseDriver: Creating connection
2019-03-19 08:49:06.002 [main] INFO, c.g.u.s.impl.CollectionRecordReport: 查询 clikchouse 采集记录,条数：990000,时间：20614
2019-03-19 08:49:06.019 [Thread-3] INFO, o.s.s.c.ThreadPoolTaskExecutor: Shutting down ExecutorService 'threadPoolTaskExecutor'
2019-03-19 08:49:06.233 [Thread-3] INFO, com.zaxxer.hikari.HikariDataSource: HikariPool-1 - Shutdown initiated...
2019-03-19 08:49:06.238 [Thread-3] INFO, com.zaxxer.hikari.HikariDataSource: HikariPool-1 - Shutdown completed.
2019-03-19 13:26:51.076 [main] INFO, c.g.usmart.SpringBootBigTableServer: Starting SpringBootBigTableServer on JKHZLT0219-2016 with PID 12932 (D:\cloudworkspace\usmart-bigtable-report\target\classes started by 1990 in D:\cloudworkspace\usmart-bigtable-report)
2019-03-19 13:26:51.084 [main] INFO, c.g.usmart.SpringBootBigTableServer: No active profile set, falling back to default profiles: default
2019-03-19 13:26:53.059 [main] INFO, o.s.d.r.c.RepositoryConfigurationDelegate: Multiple Spring Data modules found, entering strict repository configuration mode!
2019-03-19 13:26:53.062 [main] INFO, o.s.d.r.c.RepositoryConfigurationDelegate: Bootstrapping Spring Data repositories in DEFAULT mode.
2019-03-19 13:26:53.113 [main] INFO, o.s.d.r.c.RepositoryConfigurationDelegate: Finished Spring Data repository scanning in 31ms. Found 0 repository interfaces.
2019-03-19 13:26:53.639 [main] INFO, o.s.c.s.PostProcessorRegistrationDelegate$BeanPostProcessorChecker: Bean 'appDataSourceConfig' of type [com.goldcard.usmart.datasource.AppDataSourceConfig$$EnhancerBySpringCGLIB$$c48d03be] is not eligible for getting processed by all BeanPostProcessors (for example: not eligible for auto-proxying)
2019-03-19 13:26:53.726 [main] INFO, r.yandex.clickhouse.ClickHouseDriver: Driver registered
2019-03-19 13:26:53.762 [main] INFO, o.s.c.s.PostProcessorRegistrationDelegate$BeanPostProcessorChecker: Bean 'mysqlDataSource' of type [com.zaxxer.hikari.HikariDataSource] is not eligible for getting processed by all BeanPostProcessors (for example: not eligible for auto-proxying)
2019-03-19 13:26:54.358 [main] INFO, o.s.c.s.PostProcessorRegistrationDelegate$BeanPostProcessorChecker: Bean 'mysqlSqlSessionFactory' of type [org.apache.ibatis.session.defaults.DefaultSqlSessionFactory] is not eligible for getting processed by all BeanPostProcessors (for example: not eligible for auto-proxying)
2019-03-19 13:26:54.366 [main] INFO, o.s.c.s.PostProcessorRegistrationDelegate$BeanPostProcessorChecker: Bean 'reportExportTaskMapper' of type [org.mybatis.spring.mapper.MapperFactoryBean] is not eligible for getting processed by all BeanPostProcessors (for example: not eligible for auto-proxying)
2019-03-19 13:26:54.368 [main] INFO, o.s.c.s.PostProcessorRegistrationDelegate$BeanPostProcessorChecker: Bean 'reportExportTaskMapper' of type [com.sun.proxy.$Proxy54] is not eligible for getting processed by all BeanPostProcessors (for example: not eligible for auto-proxying)
2019-03-19 13:26:54.370 [main] INFO, o.s.c.s.PostProcessorRegistrationDelegate$BeanPostProcessorChecker: Bean 'asyncConfiguration' of type [com.goldcard.usmart.AsyncConfiguration$$EnhancerBySpringCGLIB$$267be099] is not eligible for getting processed by all BeanPostProcessors (for example: not eligible for auto-proxying)
2019-03-19 13:26:54.473 [main] INFO, o.s.c.s.PostProcessorRegistrationDelegate$BeanPostProcessorChecker: Bean 'org.springframework.transaction.annotation.ProxyTransactionManagementConfiguration' of type [org.springframework.transaction.annotation.ProxyTransactionManagementConfiguration$$EnhancerBySpringCGLIB$$b6cb6f91] is not eligible for getting processed by all BeanPostProcessors (for example: not eligible for auto-proxying)
2019-03-19 13:26:55.047 [main] INFO, o.s.b.w.e.tomcat.TomcatWebServer: Tomcat initialized with port(s): 9900 (http)
2019-03-19 13:26:55.075 [main] INFO, o.a.coyote.http11.Http11NioProtocol: Initializing ProtocolHandler ["http-nio-9900"]
2019-03-19 13:26:55.098 [main] INFO, o.a.catalina.core.StandardService: Starting service [Tomcat]
2019-03-19 13:26:55.099 [main] INFO, o.a.catalina.core.StandardEngine: Starting Servlet engine: [Apache Tomcat/9.0.16]
2019-03-19 13:26:55.123 [main] INFO, o.a.c.core.AprLifecycleListener: The APR based Apache Tomcat Native library which allows optimal performance in production environments was not found on the java.library.path: [C:\Program Files\Java\jdk1.8.0_92\bin;C:\Windows\Sun\Java\bin;C:\Windows\system32;C:\Windows;C:\Program Files\Java\jdk1.8.0_92\jre\bin;C:/Program Files/Java/jre1.8.0_92/bin/server;C:/Program Files/Java/jre1.8.0_92/bin;C:/Program Files/Java/jre1.8.0_92/lib/amd64;C:\ProgramData\Oracle\Java\javapath;D:\instantclient_11_2;D:\apache-maven-3.1.1\bin;D:\instantclient_11_2;C:\Program Files (x86)\Intel\iCLS Client\;C:\Program Files\Intel\iCLS Client\;C:\Windows\system32;C:\Windows;C:\Windows\System32\Wbem;C:\Windows\System32\WindowsPowerShell\v1.0\;C:\Program Files\Intel\Intel(R) Management Engine Components\DAL;C:\Program Files\Intel\Intel(R) Management Engine Components\IPT;C:\Program Files (x86)\Intel\Intel(R) Management Engine Components\DAL;C:\Program Files (x86)\Intel\Intel(R) Management Engine Components\IPT;C:\Program Files\Intel\WiFi\bin\;C:\Program Files\Common Files\Intel\WirelessCommon\;C:\Program Files (x86)\AMD\ATI.ACE\Core-Static;C:\Program Files\TortoiseSVN\bin;C:\strawberry\c\bin;C:\strawberry\perl\bin;C:\Program Files\EmEditor;D:\Program Files\Git\cmd;C:\Program Files\Java\jdk1.8.0_92\bin;C:\Program Files\EsafeNet\Cobra DocGuard Client;C:\Program Files (x86)\MySQL\MySQL Server 5.6\bin;D:\eclipse;;.]
2019-03-19 13:26:55.351 [main] INFO, o.a.c.c.C.[Tomcat].[localhost].[/]: Initializing Spring embedded WebApplicationContext
2019-03-19 13:26:55.352 [main] INFO, o.s.web.context.ContextLoader: Root WebApplicationContext: initialization completed in 4176 ms
2019-03-19 13:26:57.984 [main] INFO, o.s.s.c.ThreadPoolTaskExecutor: Initializing ExecutorService 'threadPoolTaskExecutor'
2019-03-19 13:26:59.126 [main] INFO, o.a.coyote.http11.Http11NioProtocol: Starting ProtocolHandler ["http-nio-9900"]
2019-03-19 13:26:59.193 [main] INFO, o.s.b.w.e.tomcat.TomcatWebServer: Tomcat started on port(s): 9900 (http) with context path ''
2019-03-19 13:26:59.198 [main] INFO, c.g.usmart.SpringBootBigTableServer: Started SpringBootBigTableServer in 8.818 seconds (JVM running for 10.555)
2019-03-19 13:32:39.292 [http-nio-9900-exec-1] INFO, o.a.c.c.C.[Tomcat].[localhost].[/]: Initializing Spring DispatcherServlet 'dispatcherServlet'
2019-03-19 13:32:39.292 [http-nio-9900-exec-1] INFO, o.s.web.servlet.DispatcherServlet: Initializing Servlet 'dispatcherServlet'
2019-03-19 13:32:39.311 [http-nio-9900-exec-1] INFO, o.s.web.servlet.DispatcherServlet: Completed initialization in 19 ms
2019-03-19 13:32:39.506 [http-nio-9900-exec-1] INFO, com.zaxxer.hikari.HikariDataSource: HikariPool-1 - Starting...
2019-03-19 13:32:39.527 [http-nio-9900-exec-1] INFO, r.yandex.clickhouse.ClickHouseDriver: Creating connection
2019-03-19 13:32:39.835 [http-nio-9900-exec-1] INFO, com.zaxxer.hikari.HikariDataSource: HikariPool-1 - Start completed.
2019-03-19 13:32:39.936 [HikariPool-1 connection adder] INFO, r.yandex.clickhouse.ClickHouseDriver: Creating connection
2019-03-19 13:32:39.951 [HikariPool-1 connection adder] INFO, r.yandex.clickhouse.ClickHouseDriver: Creating connection
2019-03-19 13:32:39.963 [HikariPool-1 connection adder] INFO, r.yandex.clickhouse.ClickHouseDriver: Creating connection
2019-03-19 13:32:39.973 [HikariPool-1 connection adder] INFO, r.yandex.clickhouse.ClickHouseDriver: Creating connection
2019-03-19 13:32:39.982 [HikariPool-1 connection adder] INFO, r.yandex.clickhouse.ClickHouseDriver: Creating connection
2019-03-19 13:32:40.000 [HikariPool-1 connection adder] INFO, r.yandex.clickhouse.ClickHouseDriver: Creating connection
2019-03-19 13:32:40.012 [HikariPool-1 connection adder] INFO, r.yandex.clickhouse.ClickHouseDriver: Creating connection
2019-03-19 13:32:40.023 [HikariPool-1 connection adder] INFO, r.yandex.clickhouse.ClickHouseDriver: Creating connection
2019-03-19 13:32:40.034 [HikariPool-1 connection adder] INFO, r.yandex.clickhouse.ClickHouseDriver: Creating connection
2019-03-19 13:40:31.583 [main] INFO, c.g.usmart.SpringBootBigTableServer: Starting SpringBootBigTableServer on JKHZLT0219-2016 with PID 14244 (D:\cloudworkspace\usmart-bigtable-report\target\classes started by 1990 in D:\cloudworkspace\usmart-bigtable-report)
2019-03-19 13:40:31.591 [main] INFO, c.g.usmart.SpringBootBigTableServer: No active profile set, falling back to default profiles: default
2019-03-19 13:40:32.933 [main] INFO, o.s.d.r.c.RepositoryConfigurationDelegate: Multiple Spring Data modules found, entering strict repository configuration mode!
2019-03-19 13:40:32.937 [main] INFO, o.s.d.r.c.RepositoryConfigurationDelegate: Bootstrapping Spring Data repositories in DEFAULT mode.
2019-03-19 13:40:33.005 [main] INFO, o.s.d.r.c.RepositoryConfigurationDelegate: Finished Spring Data repository scanning in 44ms. Found 0 repository interfaces.
2019-03-19 13:40:33.544 [main] INFO, o.s.c.s.PostProcessorRegistrationDelegate$BeanPostProcessorChecker: Bean 'appDataSourceConfig' of type [com.goldcard.usmart.datasource.AppDataSourceConfig$$EnhancerBySpringCGLIB$$9916f9da] is not eligible for getting processed by all BeanPostProcessors (for example: not eligible for auto-proxying)
2019-03-19 13:40:33.648 [main] INFO, r.yandex.clickhouse.ClickHouseDriver: Driver registered
2019-03-19 13:40:33.693 [main] INFO, o.s.c.s.PostProcessorRegistrationDelegate$BeanPostProcessorChecker: Bean 'mysqlDataSource' of type [com.zaxxer.hikari.HikariDataSource] is not eligible for getting processed by all BeanPostProcessors (for example: not eligible for auto-proxying)
2019-03-19 13:40:34.192 [main] INFO, o.s.c.s.PostProcessorRegistrationDelegate$BeanPostProcessorChecker: Bean 'mysqlSqlSessionFactory' of type [org.apache.ibatis.session.defaults.DefaultSqlSessionFactory] is not eligible for getting processed by all BeanPostProcessors (for example: not eligible for auto-proxying)
2019-03-19 13:40:34.201 [main] INFO, o.s.c.s.PostProcessorRegistrationDelegate$BeanPostProcessorChecker: Bean 'reportExportTaskMapper' of type [org.mybatis.spring.mapper.MapperFactoryBean] is not eligible for getting processed by all BeanPostProcessors (for example: not eligible for auto-proxying)
2019-03-19 13:40:34.204 [main] INFO, o.s.c.s.PostProcessorRegistrationDelegate$BeanPostProcessorChecker: Bean 'reportExportTaskMapper' of type [com.sun.proxy.$Proxy54] is not eligible for getting processed by all BeanPostProcessors (for example: not eligible for auto-proxying)
2019-03-19 13:40:34.206 [main] INFO, o.s.c.s.PostProcessorRegistrationDelegate$BeanPostProcessorChecker: Bean 'asyncConfiguration' of type [com.goldcard.usmart.AsyncConfiguration$$EnhancerBySpringCGLIB$$fb05d6b5] is not eligible for getting processed by all BeanPostProcessors (for example: not eligible for auto-proxying)
2019-03-19 13:40:34.312 [main] INFO, o.s.c.s.PostProcessorRegistrationDelegate$BeanPostProcessorChecker: Bean 'org.springframework.transaction.annotation.ProxyTransactionManagementConfiguration' of type [org.springframework.transaction.annotation.ProxyTransactionManagementConfiguration$$EnhancerBySpringCGLIB$$8b5565ad] is not eligible for getting processed by all BeanPostProcessors (for example: not eligible for auto-proxying)
2019-03-19 13:40:34.915 [main] INFO, o.s.b.w.e.tomcat.TomcatWebServer: Tomcat initialized with port(s): 9900 (http)
2019-03-19 13:40:34.950 [main] INFO, o.a.coyote.http11.Http11NioProtocol: Initializing ProtocolHandler ["http-nio-9900"]
2019-03-19 13:40:34.972 [main] INFO, o.a.catalina.core.StandardService: Starting service [Tomcat]
2019-03-19 13:40:34.973 [main] INFO, o.a.catalina.core.StandardEngine: Starting Servlet engine: [Apache Tomcat/9.0.16]
2019-03-19 13:40:34.995 [main] INFO, o.a.c.core.AprLifecycleListener: The APR based Apache Tomcat Native library which allows optimal performance in production environments was not found on the java.library.path: [C:\Program Files\Java\jdk1.8.0_92\bin;C:\Windows\Sun\Java\bin;C:\Windows\system32;C:\Windows;C:\Program Files\Java\jdk1.8.0_92\jre\bin;C:/Program Files/Java/jre1.8.0_92/bin/server;C:/Program Files/Java/jre1.8.0_92/bin;C:/Program Files/Java/jre1.8.0_92/lib/amd64;C:\ProgramData\Oracle\Java\javapath;D:\instantclient_11_2;D:\apache-maven-3.1.1\bin;D:\instantclient_11_2;C:\Program Files (x86)\Intel\iCLS Client\;C:\Program Files\Intel\iCLS Client\;C:\Windows\system32;C:\Windows;C:\Windows\System32\Wbem;C:\Windows\System32\WindowsPowerShell\v1.0\;C:\Program Files\Intel\Intel(R) Management Engine Components\DAL;C:\Program Files\Intel\Intel(R) Management Engine Components\IPT;C:\Program Files (x86)\Intel\Intel(R) Management Engine Components\DAL;C:\Program Files (x86)\Intel\Intel(R) Management Engine Components\IPT;C:\Program Files\Intel\WiFi\bin\;C:\Program Files\Common Files\Intel\WirelessCommon\;C:\Program Files (x86)\AMD\ATI.ACE\Core-Static;C:\Program Files\TortoiseSVN\bin;C:\strawberry\c\bin;C:\strawberry\perl\bin;C:\Program Files\EmEditor;D:\Program Files\Git\cmd;C:\Program Files\Java\jdk1.8.0_92\bin;C:\Program Files\EsafeNet\Cobra DocGuard Client;C:\Program Files (x86)\MySQL\MySQL Server 5.6\bin;D:\eclipse;;.]
2019-03-19 13:40:35.209 [main] INFO, o.a.c.c.C.[Tomcat].[localhost].[/]: Initializing Spring embedded WebApplicationContext
2019-03-19 13:40:35.210 [main] INFO, o.s.web.context.ContextLoader: Root WebApplicationContext: initialization completed in 3466 ms
2019-03-19 13:40:44.747 [main] INFO, o.s.s.c.ThreadPoolTaskExecutor: Initializing ExecutorService 'threadPoolTaskExecutor'
2019-03-19 13:40:45.807 [main] INFO, o.a.coyote.http11.Http11NioProtocol: Starting ProtocolHandler ["http-nio-9900"]
2019-03-19 13:40:45.861 [main] INFO, o.s.b.w.e.tomcat.TomcatWebServer: Tomcat started on port(s): 9900 (http) with context path ''
2019-03-19 13:40:45.867 [main] INFO, c.g.usmart.SpringBootBigTableServer: Started SpringBootBigTableServer in 14.976 seconds (JVM running for 16.53)
2019-03-19 13:40:53.635 [http-nio-9900-exec-1] INFO, o.a.c.c.C.[Tomcat].[localhost].[/]: Initializing Spring DispatcherServlet 'dispatcherServlet'
2019-03-19 13:40:53.635 [http-nio-9900-exec-1] INFO, o.s.web.servlet.DispatcherServlet: Initializing Servlet 'dispatcherServlet'
2019-03-19 13:40:53.650 [http-nio-9900-exec-1] INFO, o.s.web.servlet.DispatcherServlet: Completed initialization in 15 ms
2019-03-19 13:40:53.856 [http-nio-9900-exec-1] INFO, com.zaxxer.hikari.HikariDataSource: HikariPool-1 - Starting...
2019-03-19 13:40:53.882 [http-nio-9900-exec-1] INFO, r.yandex.clickhouse.ClickHouseDriver: Creating connection
2019-03-19 13:40:54.253 [http-nio-9900-exec-1] INFO, com.zaxxer.hikari.HikariDataSource: HikariPool-1 - Start completed.
2019-03-19 13:40:54.353 [HikariPool-1 connection adder] INFO, r.yandex.clickhouse.ClickHouseDriver: Creating connection
2019-03-19 13:40:54.366 [HikariPool-1 connection adder] INFO, r.yandex.clickhouse.ClickHouseDriver: Creating connection
2019-03-19 13:40:54.383 [HikariPool-1 connection adder] INFO, r.yandex.clickhouse.ClickHouseDriver: Creating connection
2019-03-19 13:40:54.395 [HikariPool-1 connection adder] INFO, r.yandex.clickhouse.ClickHouseDriver: Creating connection
2019-03-19 13:40:54.422 [HikariPool-1 connection adder] INFO, r.yandex.clickhouse.ClickHouseDriver: Creating connection
2019-03-19 13:40:54.438 [HikariPool-1 connection adder] INFO, r.yandex.clickhouse.ClickHouseDriver: Creating connection
2019-03-19 13:40:54.470 [HikariPool-1 connection adder] INFO, r.yandex.clickhouse.ClickHouseDriver: Creating connection
2019-03-19 13:40:54.480 [HikariPool-1 connection adder] INFO, r.yandex.clickhouse.ClickHouseDriver: Creating connection
2019-03-19 13:40:54.492 [HikariPool-1 connection adder] INFO, r.yandex.clickhouse.ClickHouseDriver: Creating connection
2019-03-19 13:40:57.143 [http-nio-9900-exec-1] INFO, com.zaxxer.hikari.HikariDataSource: HikariPool-2 - Starting...
2019-03-19 13:40:57.908 [http-nio-9900-exec-1] INFO, com.zaxxer.hikari.HikariDataSource: HikariPool-2 - Start completed.
